11:53:47 **** Incremental Build of configuration Debug for project FRDM KL26Z platform 06 nov ****
make all 
'Building file: ../Sources/System/Scheduler/io_sch.c'
'Invoking: Cross ARM C Compiler'
arm-none-eabi-gcc -mcpu=cortex-m0plus -mthumb -O0 -fmessage-length=0 -fsigned-char -ffunction-sections -fdata-sections -Wall  -g3 -I"../Sources" -I"../Includes" -std=c99 -Wall -MMD -MP -MF"Sources/System/Scheduler/io_sch.d" -MT"Sources/System/Scheduler/io_sch.o" -c -o "Sources/System/Scheduler/io_sch.o" "../Sources/System/Scheduler/io_sch.c"
'Finished building: ../Sources/System/Scheduler/io_sch.c'
' '
'Building file: ../Sources/System/Scheduler/io_sch_cnf.c'
'Invoking: Cross ARM C Compiler'
arm-none-eabi-gcc -mcpu=cortex-m0plus -mthumb -O0 -fmessage-length=0 -fsigned-char -ffunction-sections -fdata-sections -Wall  -g3 -I"../Sources" -I"../Includes" -std=c99 -Wall -MMD -MP -MF"Sources/System/Scheduler/io_sch_cnf.d" -MT"Sources/System/Scheduler/io_sch_cnf.o" -c -o "Sources/System/Scheduler/io_sch_cnf.o" "../Sources/System/Scheduler/io_sch_cnf.c"
In file included from ../Sources/MCU_drivers/Asy/io_asy.h:27:0,
                 from ../Sources/System/Scheduler/io_sch_cnf.c:25:
../Sources/MCU_drivers/Asy/io_asy_cnf.h:208:20: warning: inline function 'Io_Asy_ClearStatus' declared but never defined [enabled by default]
 extern inline void Io_Asy_ClearStatus(uint16 channel);
                    ^
../Sources/MCU_drivers/Asy/io_asy_cnf.h:208:20: warning: inline function 'Io_Asy_ClearStatus' declared but never defined [enabled by default]
'Finished building: ../Sources/System/Scheduler/io_sch_cnf.c'
' '
'Building file: ../Sources/System/Os/io_os.c'
'Invoking: Cross ARM C Compiler'
arm-none-eabi-gcc -mcpu=cortex-m0plus -mthumb -O0 -fmessage-length=0 -fsigned-char -ffunction-sections -fdata-sections -Wall  -g3 -I"../Sources" -I"../Includes" -std=c99 -Wall -MMD -MP -MF"Sources/System/Os/io_os.d" -MT"Sources/System/Os/io_os.o" -c -o "Sources/System/Os/io_os.o" "../Sources/System/Os/io_os.c"
In file included from ../Sources/MCU_drivers/Asy/io_asy.h:27:0,
                 from ../Sources/MCU_drivers/Int/io_int.h:33,
                 from ../Sources/MCU_drivers/Int/io_int_cnf.h:27,
                 from ../Sources/System/Os/io_os.c:21:
../Sources/MCU_drivers/Asy/io_asy_cnf.h:208:20: warning: inline function 'Io_Asy_ClearStatus' declared but never defined [enabled by default]
 extern inline void Io_Asy_ClearStatus(uint16 channel);
                    ^
../Sources/MCU_drivers/Asy/io_asy_cnf.h:208:20: warning: inline function 'Io_Asy_ClearStatus' declared but never defined [enabled by default]
'Finished building: ../Sources/System/Os/io_os.c'
' '
'Building file: ../Sources/System/Error_handling/io_traps.c'
'Invoking: Cross ARM C Compiler'
arm-none-eabi-gcc -mcpu=cortex-m0plus -mthumb -O0 -fmessage-length=0 -fsigned-char -ffunction-sections -fdata-sections -Wall  -g3 -I"../Sources" -I"../Includes" -std=c99 -Wall -MMD -MP -MF"Sources/System/Error_handling/io_traps.d" -MT"Sources/System/Error_handling/io_traps.o" -c -o "Sources/System/Error_handling/io_traps.o" "../Sources/System/Error_handling/io_traps.c"
'Finished building: ../Sources/System/Error_handling/io_traps.c'
' '
'Building file: ../Sources/Other_functions/io_func.c'
'Invoking: Cross ARM C Compiler'
arm-none-eabi-gcc -mcpu=cortex-m0plus -mthumb -O0 -fmessage-length=0 -fsigned-char -ffunction-sections -fdata-sections -Wall  -g3 -I"../Sources" -I"../Includes" -std=c99 -Wall -MMD -MP -MF"Sources/Other_functions/io_func.d" -MT"Sources/Other_functions/io_func.o" -c -o "Sources/Other_functions/io_func.o" "../Sources/Other_functions/io_func.c"
'Finished building: ../Sources/Other_functions/io_func.c'
' '
'Building file: ../Sources/MCU_drivers/Wdt/io_wdt.c'
'Invoking: Cross ARM C Compiler'
arm-none-eabi-gcc -mcpu=cortex-m0plus -mthumb -O0 -fmessage-length=0 -fsigned-char -ffunction-sections -fdata-sections -Wall  -g3 -I"../Sources" -I"../Includes" -std=c99 -Wall -MMD -MP -MF"Sources/MCU_drivers/Wdt/io_wdt.d" -MT"Sources/MCU_drivers/Wdt/io_wdt.o" -c -o "Sources/MCU_drivers/Wdt/io_wdt.o" "../Sources/MCU_drivers/Wdt/io_wdt.c"
In file included from ../Sources/MCU_drivers/Asy/io_asy.h:27:0,
                 from ../Sources/MCU_drivers/Int/io_int.h:33,
                 from ../Sources/MCU_drivers/Int/io_int_cnf.h:27,
                 from ../Sources/MCU_drivers/Wdt/io_wdt.c:23:
../Sources/MCU_drivers/Asy/io_asy_cnf.h:208:20: warning: inline function 'Io_Asy_ClearStatus' declared but never defined [enabled by default]
 extern inline void Io_Asy_ClearStatus(uint16 channel);
                    ^
../Sources/MCU_drivers/Asy/io_asy_cnf.h:208:20: warning: inline function 'Io_Asy_ClearStatus' declared but never defined [enabled by default]
'Finished building: ../Sources/MCU_drivers/Wdt/io_wdt.c'
' '
'Building file: ../Sources/MCU_drivers/Tpm/io_tpm.c'
'Invoking: Cross ARM C Compiler'
arm-none-eabi-gcc -mcpu=cortex-m0plus -mthumb -O0 -fmessage-length=0 -fsigned-char -ffunction-sections -fdata-sections -Wall  -g3 -I"../Sources" -I"../Includes" -std=c99 -Wall -MMD -MP -MF"Sources/MCU_drivers/Tpm/io_tpm.d" -MT"Sources/MCU_drivers/Tpm/io_tpm.o" -c -o "Sources/MCU_drivers/Tpm/io_tpm.o" "../Sources/MCU_drivers/Tpm/io_tpm.c"
In file included from ../Sources/MCU_drivers/Asy/io_asy.h:27:0,
                 from ../Sources/MCU_drivers/Int/io_int.h:33,
                 from ../Sources/MCU_drivers/Int/io_int_cnf.h:27,
                 from ../Sources/MCU_drivers/Tpm/io_tpm.c:26:
../Sources/MCU_drivers/Asy/io_asy_cnf.h:208:20: warning: inline function 'Io_Asy_ClearStatus' declared but never defined [enabled by default]
 extern inline void Io_Asy_ClearStatus(uint16 channel);
                    ^
../Sources/MCU_drivers/Asy/io_asy_cnf.h:208:20: warning: inline function 'Io_Asy_ClearStatus' declared but never defined [enabled by default]
'Finished building: ../Sources/MCU_drivers/Tpm/io_tpm.c'
' '
'Building file: ../Sources/MCU_drivers/Tpm/io_tpm_cnf.c'
'Invoking: Cross ARM C Compiler'
arm-none-eabi-gcc -mcpu=cortex-m0plus -mthumb -O0 -fmessage-length=0 -fsigned-char -ffunction-sections -fdata-sections -Wall  -g3 -I"../Sources" -I"../Includes" -std=c99 -Wall -MMD -MP -MF"Sources/MCU_drivers/Tpm/io_tpm_cnf.d" -MT"Sources/MCU_drivers/Tpm/io_tpm_cnf.o" -c -o "Sources/MCU_drivers/Tpm/io_tpm_cnf.o" "../Sources/MCU_drivers/Tpm/io_tpm_cnf.c"
'Finished building: ../Sources/MCU_drivers/Tpm/io_tpm_cnf.c'
' '
'Building file: ../Sources/MCU_drivers/Timer/io_tim.c'
'Invoking: Cross ARM C Compiler'
arm-none-eabi-gcc -mcpu=cortex-m0plus -mthumb -O0 -fmessage-length=0 -fsigned-char -ffunction-sections -fdata-sections -Wall  -g3 -I"../Sources" -I"../Includes" -std=c99 -Wall -MMD -MP -MF"Sources/MCU_drivers/Timer/io_tim.d" -MT"Sources/MCU_drivers/Timer/io_tim.o" -c -o "Sources/MCU_drivers/Timer/io_tim.o" "../Sources/MCU_drivers/Timer/io_tim.c"
'Finished building: ../Sources/MCU_drivers/Timer/io_tim.c'
' '
'Building file: ../Sources/MCU_drivers/Pcs/io_pcs.c'
'Invoking: Cross ARM C Compiler'
arm-none-eabi-gcc -mcpu=cortex-m0plus -mthumb -O0 -fmessage-length=0 -fsigned-char -ffunction-sections -fdata-sections -Wall  -g3 -I"../Sources" -I"../Includes" -std=c99 -Wall -MMD -MP -MF"Sources/MCU_drivers/Pcs/io_pcs.d" -MT"Sources/MCU_drivers/Pcs/io_pcs.o" -c -o "Sources/MCU_drivers/Pcs/io_pcs.o" "../Sources/MCU_drivers/Pcs/io_pcs.c"
In file included from ../Sources/MCU_drivers/Asy/io_asy.h:27:0,
                 from ../Sources/MCU_drivers/Int/io_int.h:33,
                 from ../Sources/MCU_drivers/Int/io_int_cnf.h:27,
                 from ../Sources/MCU_drivers/Pcs/io_pcs.c:24:
../Sources/MCU_drivers/Asy/io_asy_cnf.h:208:20: warning: inline function 'Io_Asy_ClearStatus' declared but never defined [enabled by default]
 extern inline void Io_Asy_ClearStatus(uint16 channel);
                    ^
../Sources/MCU_drivers/Asy/io_asy_cnf.h:208:20: warning: inline function 'Io_Asy_ClearStatus' declared but never defined [enabled by default]
'Finished building: ../Sources/MCU_drivers/Pcs/io_pcs.c'
' '
'Building file: ../Sources/MCU_drivers/Pcs/io_pcs_cnf.c'
'Invoking: Cross ARM C Compiler'
arm-none-eabi-gcc -mcpu=cortex-m0plus -mthumb -O0 -fmessage-length=0 -fsigned-char -ffunction-sections -fdata-sections -Wall  -g3 -I"../Sources" -I"../Includes" -std=c99 -Wall -MMD -MP -MF"Sources/MCU_drivers/Pcs/io_pcs_cnf.d" -MT"Sources/MCU_drivers/Pcs/io_pcs_cnf.o" -c -o "Sources/MCU_drivers/Pcs/io_pcs_cnf.o" "../Sources/MCU_drivers/Pcs/io_pcs_cnf.c"
'Finished building: ../Sources/MCU_drivers/Pcs/io_pcs_cnf.c'
' '
'Building file: ../Sources/MCU_drivers/Int/io_int.c'
'Invoking: Cross ARM C Compiler'
arm-none-eabi-gcc -mcpu=cortex-m0plus -mthumb -O0 -fmessage-length=0 -fsigned-char -ffunction-sections -fdata-sections -Wall  -g3 -I"../Sources" -I"../Includes" -std=c99 -Wall -MMD -MP -MF"Sources/MCU_drivers/Int/io_int.d" -MT"Sources/MCU_drivers/Int/io_int.o" -c -o "Sources/MCU_drivers/Int/io_int.o" "../Sources/MCU_drivers/Int/io_int.c"
In file included from ../Sources/MCU_drivers/Asy/io_asy.h:27:0,
                 from ../Sources/MCU_drivers/Int/io_int.h:33,
                 from ../Sources/MCU_drivers/Int/io_int_cnf.h:27,
                 from ../Sources/MCU_drivers/Int/io_int.c:23:
../Sources/MCU_drivers/Asy/io_asy_cnf.h:208:20: warning: inline function 'Io_Asy_ClearStatus' declared but never defined [enabled by default]
 extern inline void Io_Asy_ClearStatus(uint16 channel);
                    ^
../Sources/MCU_drivers/Asy/io_asy_cnf.h:208:20: warning: inline function 'Io_Asy_ClearStatus' declared but never defined [enabled by default]
'Finished building: ../Sources/MCU_drivers/Int/io_int.c'
' '
'Building file: ../Sources/MCU_drivers/Int/io_int_cnf.c'
'Invoking: Cross ARM C Compiler'
arm-none-eabi-gcc -mcpu=cortex-m0plus -mthumb -O0 -fmessage-length=0 -fsigned-char -ffunction-sections -fdata-sections -Wall  -g3 -I"../Sources" -I"../Includes" -std=c99 -Wall -MMD -MP -MF"Sources/MCU_drivers/Int/io_int_cnf.d" -MT"Sources/MCU_drivers/Int/io_int_cnf.o" -c -o "Sources/MCU_drivers/Int/io_int_cnf.o" "../Sources/MCU_drivers/Int/io_int_cnf.c"
In file included from ../Sources/MCU_drivers/Asy/io_asy.h:27:0,
                 from ../Sources/MCU_drivers/Int/io_int.h:33,
                 from ../Sources/MCU_drivers/Int/io_int_cnf.h:27,
                 from ../Sources/MCU_drivers/Int/io_int_cnf.c:23:
../Sources/MCU_drivers/Asy/io_asy_cnf.h:208:20: warning: inline function 'Io_Asy_ClearStatus' declared but never defined [enabled by default]
 extern inline void Io_Asy_ClearStatus(uint16 channel);
                    ^
../Sources/MCU_drivers/Asy/io_asy_cnf.h:208:20: warning: inline function 'Io_Asy_ClearStatus' declared but never defined [enabled by default]
'Finished building: ../Sources/MCU_drivers/Int/io_int_cnf.c'
' '
'Building file: ../Sources/MCU_drivers/I2c/io_i2c.c'
'Invoking: Cross ARM C Compiler'
arm-none-eabi-gcc -mcpu=cortex-m0plus -mthumb -O0 -fmessage-length=0 -fsigned-char -ffunction-sections -fdata-sections -Wall  -g3 -I"../Sources" -I"../Includes" -std=c99 -Wall -MMD -MP -MF"Sources/MCU_drivers/I2c/io_i2c.d" -MT"Sources/MCU_drivers/I2c/io_i2c.o" -c -o "Sources/MCU_drivers/I2c/io_i2c.o" "../Sources/MCU_drivers/I2c/io_i2c.c"
In file included from ../Sources/MCU_drivers/Asy/io_asy.h:27:0,
                 from ../Sources/MCU_drivers/Int/io_int.h:33,
                 from ../Sources/MCU_drivers/I2c/io_i2c.h:30,
                 from ../Sources/MCU_drivers/I2c/io_i2c_cnf.h:25,
                 from ../Sources/MCU_drivers/I2c/io_i2c.c:21:
../Sources/MCU_drivers/Asy/io_asy_cnf.h:208:20: warning: inline function 'Io_Asy_ClearStatus' declared but never defined [enabled by default]
 extern inline void Io_Asy_ClearStatus(uint16 channel);
                    ^
../Sources/MCU_drivers/Asy/io_asy_cnf.h:208:20: warning: inline function 'Io_Asy_ClearStatus' declared but never defined [enabled by default]
'Finished building: ../Sources/MCU_drivers/I2c/io_i2c.c'
' '
'Building file: ../Sources/MCU_drivers/I2c/io_i2c_cnf.c'
'Invoking: Cross ARM C Compiler'
arm-none-eabi-gcc -mcpu=cortex-m0plus -mthumb -O0 -fmessage-length=0 -fsigned-char -ffunction-sections -fdata-sections -Wall  -g3 -I"../Sources" -I"../Includes" -std=c99 -Wall -MMD -MP -MF"Sources/MCU_drivers/I2c/io_i2c_cnf.d" -MT"Sources/MCU_drivers/I2c/io_i2c_cnf.o" -c -o "Sources/MCU_drivers/I2c/io_i2c_cnf.o" "../Sources/MCU_drivers/I2c/io_i2c_cnf.c"
In file included from ../Sources/MCU_drivers/Asy/io_asy.h:27:0,
                 from ../Sources/MCU_drivers/Int/io_int.h:33,
                 from ../Sources/MCU_drivers/I2c/io_i2c.h:30,
                 from ../Sources/MCU_drivers/I2c/io_i2c_cnf.c:21:
../Sources/MCU_drivers/Asy/io_asy_cnf.h:208:20: warning: inline function 'Io_Asy_ClearStatus' declared but never defined [enabled by default]
 extern inline void Io_Asy_ClearStatus(uint16 channel);
                    ^
../Sources/MCU_drivers/Asy/io_asy_cnf.h:208:20: warning: inline function 'Io_Asy_ClearStatus' declared but never defined [enabled by default]
'Finished building: ../Sources/MCU_drivers/I2c/io_i2c_cnf.c'
' '
'Building file: ../Sources/MCU_drivers/Dio/io_dio.c'
'Invoking: Cross ARM C Compiler'
arm-none-eabi-gcc -mcpu=cortex-m0plus -mthumb -O0 -fmessage-length=0 -fsigned-char -ffunction-sections -fdata-sections -Wall  -g3 -I"../Sources" -I"../Includes" -std=c99 -Wall -MMD -MP -MF"Sources/MCU_drivers/Dio/io_dio.d" -MT"Sources/MCU_drivers/Dio/io_dio.o" -c -o "Sources/MCU_drivers/Dio/io_dio.o" "../Sources/MCU_drivers/Dio/io_dio.c"
'Finished building: ../Sources/MCU_drivers/Dio/io_dio.c'
' '
'Building file: ../Sources/MCU_drivers/Asy/io_asy.c'
'Invoking: Cross ARM C Compiler'
arm-none-eabi-gcc -mcpu=cortex-m0plus -mthumb -O0 -fmessage-length=0 -fsigned-char -ffunction-sections -fdata-sections -Wall  -g3 -I"../Sources" -I"../Includes" -std=c99 -Wall -MMD -MP -MF"Sources/MCU_drivers/Asy/io_asy.d" -MT"Sources/MCU_drivers/Asy/io_asy.o" -c -o "Sources/MCU_drivers/Asy/io_asy.o" "../Sources/MCU_drivers/Asy/io_asy.c"
../Sources/MCU_drivers/Asy/io_asy.c: In function 'Io_Asy_Ch_Initialization':
../Sources/MCU_drivers/Asy/io_asy.c:75:32: warning: unused variable 'h' [-Wunused-variable]
  uint8 basy_phy_to_log_ch[3],l,h;
                                ^
../Sources/MCU_drivers/Asy/io_asy.c:75:30: warning: unused variable 'l' [-Wunused-variable]
  uint8 basy_phy_to_log_ch[3],l,h;
                              ^
../Sources/MCU_drivers/Asy/io_asy.c:75:8: warning: variable 'basy_phy_to_log_ch' set but not used [-Wunused-but-set-variable]
  uint8 basy_phy_to_log_ch[3],l,h;
        ^
../Sources/MCU_drivers/Asy/io_asy.c:74:9: warning: unused variable 'member' [-Wunused-variable]
  uint16 member = 0xFF; /* default as 8N1 */
         ^
../Sources/MCU_drivers/Asy/io_asy.c:73:9: warning: unused variable 'control_reg3' [-Wunused-variable]
  uint32 control_reg3 = 0x00000000U;
         ^
../Sources/MCU_drivers/Asy/io_asy.c:72:9: warning: variable 'control_reg1' set but not used [-Wunused-but-set-variable]
  uint32 control_reg1 = 0x00000000U;
         ^
../Sources/MCU_drivers/Asy/io_asy.c:71:18: warning: unused variable 'high' [-Wunused-variable]
  uint16 mode,low,high;
                  ^
../Sources/MCU_drivers/Asy/io_asy.c:71:14: warning: unused variable 'low' [-Wunused-variable]
  uint16 mode,low,high;
              ^
../Sources/MCU_drivers/Asy/io_asy.c:71:9: warning: unused variable 'mode' [-Wunused-variable]
  uint16 mode,low,high;
         ^
../Sources/MCU_drivers/Asy/io_asy.c:70:18: warning: unused variable 'baud' [-Wunused-variable]
  uint32 baudrate,baud,tmp;
                  ^
../Sources/MCU_drivers/Asy/io_asy.c: In function 'Io_Asy_TxData':
../Sources/MCU_drivers/Asy/io_asy.c:234:8: warning: variable 'object' set but not used [-Wunused-but-set-variable]
  uint8 object;
        ^
../Sources/MCU_drivers/Asy/io_asy.c: In function 'Io_Asy_IntStop':
../Sources/MCU_drivers/Asy/io_asy.c:422:23: warning: variable 'asy_devptr' set but not used [-Wunused-but-set-variable]
  Io_Asy_DeviceStruct* asy_devptr;  /* pointer to register structure*/
                       ^
../Sources/MCU_drivers/Asy/io_asy.c: In function 'Io_Asy_SetBaudrate':
../Sources/MCU_drivers/Asy/io_asy.c:455:10: warning: unused variable 'baud_reg' [-Wunused-variable]
  uint16 *baud_reg;
          ^
../Sources/MCU_drivers/Asy/io_asy.c:454:9: warning: unused variable 'baud_reload' [-Wunused-variable]
  uint16 baud_reload;
         ^
../Sources/MCU_drivers/Asy/io_asy.c: In function 'Io_Asy_Asy0_Isr':
../Sources/MCU_drivers/Asy/io_asy.c:502:2: warning: pointer targets in passing argument 2 of 'Io_Asy_RxData' differ in signedness [-Wpointer-sign]
  Io_Asy_RxData(0,reception);
  ^
../Sources/MCU_drivers/Asy/io_asy.c:293:6: note: expected 'uint8 *' but argument is of type 'char *'
 void Io_Asy_RxData(uint16 ch, uint8 *receive_buffer)
      ^
../Sources/MCU_drivers/Asy/io_asy.c: In function 'Io_Asy_Asy1_Isr':
../Sources/MCU_drivers/Asy/io_asy.c:508:2: warning: pointer targets in passing argument 2 of 'Io_Asy_RxData' differ in signedness [-Wpointer-sign]
  Io_Asy_RxData(0,reception);
  ^
../Sources/MCU_drivers/Asy/io_asy.c:293:6: note: expected 'uint8 *' but argument is of type 'char *'
 void Io_Asy_RxData(uint16 ch, uint8 *receive_buffer)
      ^
../Sources/MCU_drivers/Asy/io_asy.c: In function 'Io_Asy_Asy2_Isr':
../Sources/MCU_drivers/Asy/io_asy.c:514:2: warning: pointer targets in passing argument 2 of 'Io_Asy_RxData' differ in signedness [-Wpointer-sign]
  Io_Asy_RxData(0,reception);
  ^
../Sources/MCU_drivers/Asy/io_asy.c:293:6: note: expected 'uint8 *' but argument is of type 'char *'
 void Io_Asy_RxData(uint16 ch, uint8 *receive_buffer)
      ^
../Sources/MCU_drivers/Asy/io_asy.c: In function 'Io_Asy_IntFdTxIsr':
../Sources/MCU_drivers/Asy/io_asy.c:523:23: warning: variable 'asy_devptr' set but not used [-Wunused-but-set-variable]
  Io_Asy_DeviceStruct* asy_devptr;  /* pointer to register structure*/
                       ^
../Sources/MCU_drivers/Asy/io_asy.c: In function 'Io_Asy_IntFdRxIsr':
../Sources/MCU_drivers/Asy/io_asy.c:604:29: warning: variable 'asy_devptr' set but not used [-Wunused-but-set-variable]
  const Io_Asy_DeviceStruct* asy_devptr;  /* pointer to register structure*/
                             ^
../Sources/MCU_drivers/Asy/io_asy.c: In function 'UART_init':
../Sources/MCU_drivers/Asy/io_asy.c:1099:11: warning: unused variable 'reg_temp' [-Wunused-variable]
  uint32_t reg_temp = 0;
           ^
../Sources/MCU_drivers/Asy/io_asy.c:1097:11: warning: unused variable 'tmp' [-Wunused-variable]
  uint16_t tmp,baud;
           ^
In file included from ../Sources/MCU_drivers/Asy/io_asy.h:27:0,
                 from ../Sources/MCU_drivers/Asy/io_asy.c:24:
../Sources/MCU_drivers/Asy/io_asy.c: At top level:
../Sources/MCU_drivers/Asy/io_asy_cnf.h:208:20: warning: inline function 'Io_Asy_ClearStatus' declared but never defined [enabled by default]
 extern inline void Io_Asy_ClearStatus(uint16 channel);
                    ^
../Sources/MCU_drivers/Asy/io_asy_cnf.h:208:20: warning: inline function 'Io_Asy_ClearStatus' declared but never defined [enabled by default]
'Finished building: ../Sources/MCU_drivers/Asy/io_asy.c'
' '
'Building file: ../Sources/MCU_drivers/Asy/io_asy_cnf.c'
'Invoking: Cross ARM C Compiler'
arm-none-eabi-gcc -mcpu=cortex-m0plus -mthumb -O0 -fmessage-length=0 -fsigned-char -ffunction-sections -fdata-sections -Wall  -g3 -I"../Sources" -I"../Includes" -std=c99 -Wall -MMD -MP -MF"Sources/MCU_drivers/Asy/io_asy_cnf.d" -MT"Sources/MCU_drivers/Asy/io_asy_cnf.o" -c -o "Sources/MCU_drivers/Asy/io_asy_cnf.o" "../Sources/MCU_drivers/Asy/io_asy_cnf.c"
../Sources/MCU_drivers/Asy/io_asy_cnf.c: In function 'Io_Asy_IntCh_ShutDown':
../Sources/MCU_drivers/Asy/io_asy_cnf.c:125:23: warning: variable 'asy_devptr' set but not used [-Wunused-but-set-variable]
  Io_Asy_DeviceStruct* asy_devptr;  /* pointer to register structure*/
                       ^
../Sources/MCU_drivers/Asy/io_asy_cnf.c: In function 'Io_Asy_ClearStatus':
../Sources/MCU_drivers/Asy/io_asy_cnf.c:167:23: warning: variable 'asy_devptr' set but not used [-Wunused-but-set-variable]
  Io_Asy_DeviceStruct* asy_devptr;  /* pointer to register structure*/
                       ^
'Finished building: ../Sources/MCU_drivers/Asy/io_asy_cnf.c'
' '
'Building file: ../Sources/MCU_drivers/Adc/io_adc.c'
'Invoking: Cross ARM C Compiler'
arm-none-eabi-gcc -mcpu=cortex-m0plus -mthumb -O0 -fmessage-length=0 -fsigned-char -ffunction-sections -fdata-sections -Wall  -g3 -I"../Sources" -I"../Includes" -std=c99 -Wall -MMD -MP -MF"Sources/MCU_drivers/Adc/io_adc.d" -MT"Sources/MCU_drivers/Adc/io_adc.o" -c -o "Sources/MCU_drivers/Adc/io_adc.o" "../Sources/MCU_drivers/Adc/io_adc.c"
In file included from ../Sources/MCU_drivers/Asy/io_asy.h:27:0,
                 from ../Sources/MCU_drivers/Int/io_int.h:33,
                 from ../Sources/MCU_drivers/Int/io_int_cnf.h:27,
                 from ../Sources/MCU_drivers/Adc/io_adc.c:23:
../Sources/MCU_drivers/Asy/io_asy_cnf.h:208:20: warning: inline function 'Io_Asy_ClearStatus' declared but never defined [enabled by default]
 extern inline void Io_Asy_ClearStatus(uint16 channel);
                    ^
../Sources/MCU_drivers/Asy/io_asy_cnf.h:208:20: warning: inline function 'Io_Asy_ClearStatus' declared but never defined [enabled by default]
'Finished building: ../Sources/MCU_drivers/Adc/io_adc.c'
' '
'Building file: ../Sources/MCU_drivers/Adc/io_adc_cnf.c'
'Invoking: Cross ARM C Compiler'
arm-none-eabi-gcc -mcpu=cortex-m0plus -mthumb -O0 -fmessage-length=0 -fsigned-char -ffunction-sections -fdata-sections -Wall  -g3 -I"../Sources" -I"../Includes" -std=c99 -Wall -MMD -MP -MF"Sources/MCU_drivers/Adc/io_adc_cnf.d" -MT"Sources/MCU_drivers/Adc/io_adc_cnf.o" -c -o "Sources/MCU_drivers/Adc/io_adc_cnf.o" "../Sources/MCU_drivers/Adc/io_adc_cnf.c"
'Finished building: ../Sources/MCU_drivers/Adc/io_adc_cnf.c'
' '
'Building file: ../Sources/HW_drivers/Stepper_motor/io_smc.c'
'Invoking: Cross ARM C Compiler'
arm-none-eabi-gcc -mcpu=cortex-m0plus -mthumb -O0 -fmessage-length=0 -fsigned-char -ffunction-sections -fdata-sections -Wall  -g3 -I"../Sources" -I"../Includes" -std=c99 -Wall -MMD -MP -MF"Sources/HW_drivers/Stepper_motor/io_smc.d" -MT"Sources/HW_drivers/Stepper_motor/io_smc.o" -c -o "Sources/HW_drivers/Stepper_motor/io_smc.o" "../Sources/HW_drivers/Stepper_motor/io_smc.c"
'Finished building: ../Sources/HW_drivers/Stepper_motor/io_smc.c'
' '
'Building file: ../Sources/HW_drivers/Stepper_motor/io_smc_cnf.c'
'Invoking: Cross ARM C Compiler'
arm-none-eabi-gcc -mcpu=cortex-m0plus -mthumb -O0 -fmessage-length=0 -fsigned-char -ffunction-sections -fdata-sections -Wall  -g3 -I"../Sources" -I"../Includes" -std=c99 -Wall -MMD -MP -MF"Sources/HW_drivers/Stepper_motor/io_smc_cnf.d" -MT"Sources/HW_drivers/Stepper_motor/io_smc_cnf.o" -c -o "Sources/HW_drivers/Stepper_motor/io_smc_cnf.o" "../Sources/HW_drivers/Stepper_motor/io_smc_cnf.c"
'Finished building: ../Sources/HW_drivers/Stepper_motor/io_smc_cnf.c'
' '
'Building file: ../Sources/HW_drivers/Sensors/Proximity/io_sens_ir.c'
'Invoking: Cross ARM C Compiler'
arm-none-eabi-gcc -mcpu=cortex-m0plus -mthumb -O0 -fmessage-length=0 -fsigned-char -ffunction-sections -fdata-sections -Wall  -g3 -I"../Sources" -I"../Includes" -std=c99 -Wall -MMD -MP -MF"Sources/HW_drivers/Sensors/Proximity/io_sens_ir.d" -MT"Sources/HW_drivers/Sensors/Proximity/io_sens_ir.o" -c -o "Sources/HW_drivers/Sensors/Proximity/io_sens_ir.o" "../Sources/HW_drivers/Sensors/Proximity/io_sens_ir.c"
../Sources/HW_drivers/Sensors/Proximity/io_sens_ir.c: In function 'Io_Sens_Usonic_TriggerPulse':
../Sources/HW_drivers/Sensors/Proximity/io_sens_ir.c:124:11: warning: variable 'aux' set but not used [-Wunused-but-set-variable]
  uint8 i, aux = 0;
           ^
'Finished building: ../Sources/HW_drivers/Sensors/Proximity/io_sens_ir.c'
' '
'Building file: ../Sources/HW_drivers/Sensors/Accel_Magnet/FX0S8700.c'
'Invoking: Cross ARM C Compiler'
arm-none-eabi-gcc -mcpu=cortex-m0plus -mthumb -O0 -fmessage-length=0 -fsigned-char -ffunction-sections -fdata-sections -Wall  -g3 -I"../Sources" -I"../Includes" -std=c99 -Wall -MMD -MP -MF"Sources/HW_drivers/Sensors/Accel_Magnet/FX0S8700.d" -MT"Sources/HW_drivers/Sensors/Accel_Magnet/FX0S8700.o" -c -o "Sources/HW_drivers/Sensors/Accel_Magnet/FX0S8700.o" "../Sources/HW_drivers/Sensors/Accel_Magnet/FX0S8700.c"
In file included from ../Sources/MCU_drivers/Asy/io_asy.h:27:0,
                 from ../Sources/MCU_drivers/Int/io_int.h:33,
                 from ../Sources/MCU_drivers/I2c/io_i2c.h:30,
                 from ../Sources/MCU_drivers/I2c/io_i2c_cnf.h:25,
                 from ../Sources/HW_drivers/Sensors/Accel_Magnet/FX0S8700.c:23:
../Sources/MCU_drivers/Asy/io_asy_cnf.h:208:20: warning: inline function 'Io_Asy_ClearStatus' declared but never defined [enabled by default]
 extern inline void Io_Asy_ClearStatus(uint16 channel);
                    ^
../Sources/MCU_drivers/Asy/io_asy_cnf.h:208:20: warning: inline function 'Io_Asy_ClearStatus' declared but never defined [enabled by default]
'Finished building: ../Sources/HW_drivers/Sensors/Accel_Magnet/FX0S8700.c'
' '
'Building file: ../Sources/HW_drivers/H-bridge/ti8833/io_hbr_cnf_ti8833.c'
'Invoking: Cross ARM C Compiler'
arm-none-eabi-gcc -mcpu=cortex-m0plus -mthumb -O0 -fmessage-length=0 -fsigned-char -ffunction-sections -fdata-sections -Wall  -g3 -I"../Sources" -I"../Includes" -std=c99 -Wall -MMD -MP -MF"Sources/HW_drivers/H-bridge/ti8833/io_hbr_cnf_ti8833.d" -MT"Sources/HW_drivers/H-bridge/ti8833/io_hbr_cnf_ti8833.o" -c -o "Sources/HW_drivers/H-bridge/ti8833/io_hbr_cnf_ti8833.o" "../Sources/HW_drivers/H-bridge/ti8833/io_hbr_cnf_ti8833.c"
'Finished building: ../Sources/HW_drivers/H-bridge/ti8833/io_hbr_cnf_ti8833.c'
' '
'Building file: ../Sources/HW_drivers/H-bridge/ti8833/io_hbr_ti8833.c'
'Invoking: Cross ARM C Compiler'
arm-none-eabi-gcc -mcpu=cortex-m0plus -mthumb -O0 -fmessage-length=0 -fsigned-char -ffunction-sections -fdata-sections -Wall  -g3 -I"../Sources" -I"../Includes" -std=c99 -Wall -MMD -MP -MF"Sources/HW_drivers/H-bridge/ti8833/io_hbr_ti8833.d" -MT"Sources/HW_drivers/H-bridge/ti8833/io_hbr_ti8833.o" -c -o "Sources/HW_drivers/H-bridge/ti8833/io_hbr_ti8833.o" "../Sources/HW_drivers/H-bridge/ti8833/io_hbr_ti8833.c"
In file included from ../Sources/MCU_drivers/Asy/io_asy.h:27:0,
                 from ../Sources/MCU_drivers/Int/io_int.h:33,
                 from ../Sources/MCU_drivers/Int/io_int_cnf.h:27,
                 from ../Sources/HW_drivers/H-bridge/ti8833/io_hbr_ti8833.c:25:
../Sources/MCU_drivers/Asy/io_asy_cnf.h:208:20: warning: inline function 'Io_Asy_ClearStatus' declared but never defined [enabled by default]
 extern inline void Io_Asy_ClearStatus(uint16 channel);
                    ^
../Sources/MCU_drivers/Asy/io_asy_cnf.h:208:20: warning: inline function 'Io_Asy_ClearStatus' declared but never defined [enabled by default]
../Sources/HW_drivers/H-bridge/ti8833/io_hbr_ti8833.c: In function 'Io_Hbr_Drv8833_Get_State':
../Sources/HW_drivers/H-bridge/ti8833/io_hbr_ti8833.c:145:1: warning: control reaches end of non-void function [-Wreturn-type]
 }
 ^
'Finished building: ../Sources/HW_drivers/H-bridge/ti8833/io_hbr_ti8833.c'
' '
'Building file: ../Sources/Application/Speed_calc/app_robo_speed_calc.c'
'Invoking: Cross ARM C Compiler'
arm-none-eabi-gcc -mcpu=cortex-m0plus -mthumb -O0 -fmessage-length=0 -fsigned-char -ffunction-sections -fdata-sections -Wall  -g3 -I"../Sources" -I"../Includes" -std=c99 -Wall -MMD -MP -MF"Sources/Application/Speed_calc/app_robo_speed_calc.d" -MT"Sources/Application/Speed_calc/app_robo_speed_calc.o" -c -o "Sources/Application/Speed_calc/app_robo_speed_calc.o" "../Sources/Application/Speed_calc/app_robo_speed_calc.c"
'Finished building: ../Sources/Application/Speed_calc/app_robo_speed_calc.c'
' '
'Building file: ../Sources/Application/Path_planner/app_robo_path_planner.c'
'Invoking: Cross ARM C Compiler'
arm-none-eabi-gcc -mcpu=cortex-m0plus -mthumb -O0 -fmessage-length=0 -fsigned-char -ffunction-sections -fdata-sections -Wall  -g3 -I"../Sources" -I"../Includes" -std=c99 -Wall -MMD -MP -MF"Sources/Application/Path_planner/app_robo_path_planner.d" -MT"Sources/Application/Path_planner/app_robo_path_planner.o" -c -o "Sources/Application/Path_planner/app_robo_path_planner.o" "../Sources/Application/Path_planner/app_robo_path_planner.c"
'Finished building: ../Sources/Application/Path_planner/app_robo_path_planner.c'
' '
'Building file: ../Sources/Application/Distance_calc/app_robo_dist_calc.c'
'Invoking: Cross ARM C Compiler'
arm-none-eabi-gcc -mcpu=cortex-m0plus -mthumb -O0 -fmessage-length=0 -fsigned-char -ffunction-sections -fdata-sections -Wall  -g3 -I"../Sources" -I"../Includes" -std=c99 -Wall -MMD -MP -MF"Sources/Application/Distance_calc/app_robo_dist_calc.d" -MT"Sources/Application/Distance_calc/app_robo_dist_calc.o" -c -o "Sources/Application/Distance_calc/app_robo_dist_calc.o" "../Sources/Application/Distance_calc/app_robo_dist_calc.c"
'Finished building: ../Sources/Application/Distance_calc/app_robo_dist_calc.c'
' '
'Building file: ../Sources/Application/Car_movement/app_robo_car_movement.c'
'Invoking: Cross ARM C Compiler'
arm-none-eabi-gcc -mcpu=cortex-m0plus -mthumb -O0 -fmessage-length=0 -fsigned-char -ffunction-sections -fdata-sections -Wall  -g3 -I"../Sources" -I"../Includes" -std=c99 -Wall -MMD -MP -MF"Sources/Application/Car_movement/app_robo_car_movement.d" -MT"Sources/Application/Car_movement/app_robo_car_movement.o" -c -o "Sources/Application/Car_movement/app_robo_car_movement.o" "../Sources/Application/Car_movement/app_robo_car_movement.c"
'Finished building: ../Sources/Application/Car_movement/app_robo_car_movement.c'
' '
'Building file: ../Sources/Application/Bluetooth/io_bluetooth.c'
'Invoking: Cross ARM C Compiler'
arm-none-eabi-gcc -mcpu=cortex-m0plus -mthumb -O0 -fmessage-length=0 -fsigned-char -ffunction-sections -fdata-sections -Wall  -g3 -I"../Sources" -I"../Includes" -std=c99 -Wall -MMD -MP -MF"Sources/Application/Bluetooth/io_bluetooth.d" -MT"Sources/Application/Bluetooth/io_bluetooth.o" -c -o "Sources/Application/Bluetooth/io_bluetooth.o" "../Sources/Application/Bluetooth/io_bluetooth.c"
../Sources/Application/Bluetooth/io_bluetooth.c: In function 'Io_Bluetooth_State':
../Sources/Application/Bluetooth/io_bluetooth.c:102:4: warning: pointer targets in passing argument 3 of 'Io_Asy_TxData' differ in signedness [-Wpointer-sign]
    Io_Asy_TxData(0,1,&sensor);
    ^
In file included from ../Sources/Application/Bluetooth/io_bluetooth.c:25:0:
../Sources/MCU_drivers/Asy/io_asy.h:71:13: note: expected 'uint8 *' but argument is of type 'char *'
 extern void Io_Asy_TxData(uint16 ch, uint8 tx_length, uint8 *transmit_buffer);
             ^
../Sources/Application/Bluetooth/io_bluetooth.c:109:4: warning: pointer targets in passing argument 3 of 'Io_Asy_TxData' differ in signedness [-Wpointer-sign]
    Io_Asy_TxData(0,1,&sensor);
    ^
In file included from ../Sources/Application/Bluetooth/io_bluetooth.c:25:0:
../Sources/MCU_drivers/Asy/io_asy.h:71:13: note: expected 'uint8 *' but argument is of type 'char *'
 extern void Io_Asy_TxData(uint16 ch, uint8 tx_length, uint8 *transmit_buffer);
             ^
../Sources/Application/Bluetooth/io_bluetooth.c:117:4: warning: pointer targets in passing argument 3 of 'Io_Asy_TxData' differ in signedness [-Wpointer-sign]
    Io_Asy_TxData(0,1,&sensor);
    ^
In file included from ../Sources/Application/Bluetooth/io_bluetooth.c:25:0:
../Sources/MCU_drivers/Asy/io_asy.h:71:13: note: expected 'uint8 *' but argument is of type 'char *'
 extern void Io_Asy_TxData(uint16 ch, uint8 tx_length, uint8 *transmit_buffer);
             ^
../Sources/Application/Bluetooth/io_bluetooth.c:124:4: warning: pointer targets in passing argument 3 of 'Io_Asy_TxData' differ in signedness [-Wpointer-sign]
    Io_Asy_TxData(0,1,&sensor);
    ^
In file included from ../Sources/Application/Bluetooth/io_bluetooth.c:25:0:
../Sources/MCU_drivers/Asy/io_asy.h:71:13: note: expected 'uint8 *' but argument is of type 'char *'
 extern void Io_Asy_TxData(uint16 ch, uint8 tx_length, uint8 *transmit_buffer);
             ^
../Sources/Application/Bluetooth/io_bluetooth.c:138:4: warning: pointer targets in passing argument 3 of 'Io_Asy_TxData' differ in signedness [-Wpointer-sign]
    Io_Asy_TxData(0,1,&sensor);
    ^
In file included from ../Sources/Application/Bluetooth/io_bluetooth.c:25:0:
../Sources/MCU_drivers/Asy/io_asy.h:71:13: note: expected 'uint8 *' but argument is of type 'char *'
 extern void Io_Asy_TxData(uint16 ch, uint8 tx_length, uint8 *transmit_buffer);
             ^
In file included from ../Sources/MCU_drivers/Asy/io_asy.h:27:0,
                 from ../Sources/Application/Bluetooth/io_bluetooth.c:25:
../Sources/Application/Bluetooth/io_bluetooth.c: At top level:
../Sources/MCU_drivers/Asy/io_asy_cnf.h:208:20: warning: inline function 'Io_Asy_ClearStatus' declared but never defined [enabled by default]
 extern inline void Io_Asy_ClearStatus(uint16 channel);
                    ^
../Sources/MCU_drivers/Asy/io_asy_cnf.h:208:20: warning: inline function 'Io_Asy_ClearStatus' declared but never defined [enabled by default]
'Finished building: ../Sources/Application/Bluetooth/io_bluetooth.c'
' '
'Building file: ../Sources/main.c'
'Invoking: Cross ARM C Compiler'
arm-none-eabi-gcc -mcpu=cortex-m0plus -mthumb -O0 -fmessage-length=0 -fsigned-char -ffunction-sections -fdata-sections -Wall  -g3 -I"../Sources" -I"../Includes" -std=c99 -Wall -MMD -MP -MF"Sources/main.d" -MT"Sources/main.o" -c -o "Sources/main.o" "../Sources/main.c"
In file included from ../Sources/MCU_drivers/Asy/io_asy.h:27:0,
                 from ../Sources/main.c:32:
../Sources/MCU_drivers/Asy/io_asy_cnf.h:208:20: warning: inline function 'Io_Asy_ClearStatus' declared but never defined [enabled by default]
 extern inline void Io_Asy_ClearStatus(uint16 channel);
                    ^
../Sources/MCU_drivers/Asy/io_asy_cnf.h:208:20: warning: inline function 'Io_Asy_ClearStatus' declared but never defined [enabled by default]
'Finished building: ../Sources/main.c'
' '
'Building file: ../Project_Settings/Startup_Code/startup_MKL26Z4.S'
'Invoking: Cross ARM GNU Assembler'
arm-none-eabi-gcc -mcpu=cortex-m0plus -mthumb -O0 -fmessage-length=0 -fsigned-char -ffunction-sections -fdata-sections -Wall  -g3 -x assembler-with-cpp -MMD -MP -MF"Project_Settings/Startup_Code/startup_MKL26Z4.d" -MT"Project_Settings/Startup_Code/startup_MKL26Z4.o" -c -o "Project_Settings/Startup_Code/startup_MKL26Z4.o" "../Project_Settings/Startup_Code/startup_MKL26Z4.S"
'Finished building: ../Project_Settings/Startup_Code/startup_MKL26Z4.S'
' '
'Building file: ../Project_Settings/Startup_Code/system_MKL26Z4.c'
'Invoking: Cross ARM C Compiler'
arm-none-eabi-gcc -mcpu=cortex-m0plus -mthumb -O0 -fmessage-length=0 -fsigned-char -ffunction-sections -fdata-sections -Wall  -g3 -I"../Sources" -I"../Includes" -std=c99 -Wall -MMD -MP -MF"Project_Settings/Startup_Code/system_MKL26Z4.d" -MT"Project_Settings/Startup_Code/system_MKL26Z4.o" -c -o "Project_Settings/Startup_Code/system_MKL26Z4.o" "../Project_Settings/Startup_Code/system_MKL26Z4.c"
'Finished building: ../Project_Settings/Startup_Code/system_MKL26Z4.c'
' '
'Building target: FRDM KL26Z platform.elf'
'Invoking: Cross ARM C++ Linker'
arm-none-eabi-g++ -mcpu=cortex-m0plus -mthumb -O0 -fmessage-length=0 -fsigned-char -ffunction-sections -fdata-sections -Wall  -g3 -T "MKL26Z128xxx4_flash.ld" -Xlinker --gc-sections -L"C:/Users/Gabi/Desktop/HackTM/FRDM KL26Z platform 06 nov/Project_Settings/Linker_Files" -Wl,-Map,"FRDM KL26Z platform.map" -specs=nano.specs -specs=nosys.specs -o "FRDM KL26Z platform.elf"  ./Sources/System/Scheduler/io_sch.o ./Sources/System/Scheduler/io_sch_cnf.o  ./Sources/System/Os/io_os.o  ./Sources/System/Error_handling/io_traps.o  ./Sources/Other_functions/io_func.o  ./Sources/MCU_drivers/Wdt/io_wdt.o  ./Sources/MCU_drivers/Tpm/io_tpm.o ./Sources/MCU_drivers/Tpm/io_tpm_cnf.o  ./Sources/MCU_drivers/Timer/io_tim.o  ./Sources/MCU_drivers/Pcs/io_pcs.o ./Sources/MCU_drivers/Pcs/io_pcs_cnf.o  ./Sources/MCU_drivers/Int/io_int.o ./Sources/MCU_drivers/Int/io_int_cnf.o  ./Sources/MCU_drivers/I2c/io_i2c.o ./Sources/MCU_drivers/I2c/io_i2c_cnf.o  ./Sources/MCU_drivers/Dio/io_dio.o  ./Sources/MCU_drivers/Asy/io_asy.o ./Sources/MCU_drivers/Asy/io_asy_cnf.o  ./Sources/MCU_drivers/Adc/io_adc.o ./Sources/MCU_drivers/Adc/io_adc_cnf.o  ./Sources/HW_drivers/Stepper_motor/io_smc.o ./Sources/HW_drivers/Stepper_motor/io_smc_cnf.o  ./Sources/HW_drivers/Sensors/Proximity/io_sens_ir.o  ./Sources/HW_drivers/Sensors/Accel_Magnet/FX0S8700.o  ./Sources/HW_drivers/H-bridge/ti8833/io_hbr_cnf_ti8833.o ./Sources/HW_drivers/H-bridge/ti8833/io_hbr_ti8833.o  ./Sources/Application/Speed_calc/app_robo_speed_calc.o  ./Sources/Application/Path_planner/app_robo_path_planner.o  ./Sources/Application/Distance_calc/app_robo_dist_calc.o  ./Sources/Application/Car_movement/app_robo_car_movement.o  ./Sources/Application/Bluetooth/io_bluetooth.o  ./Sources/main.o  ./Project_Settings/Startup_Code/startup_MKL26Z4.o ./Project_Settings/Startup_Code/system_MKL26Z4.o   
'Finished building target: FRDM KL26Z platform.elf'
' '
